[12:41:40] [Client thread/INFO]: Setting user: Player187
[12:41:42] [Client thread/INFO]: LWJGL Version: 2.9.1
[12:41:44] [Client thread/INFO]: Reloading ResourceManager: Default, FMLFileResourcePack:Forge Mod Loader, FMLFileResourcePack:Minecraft Forge, FMLFileResourcePack:Definitely Not Vanilla Minecraft
[12:41:45] [Sound Library Loader/INFO]: Starting up SoundSystem...
[12:41:45] [Thread-7/INFO]: Initializing LWJGL OpenAL
[12:41:45] [Thread-7/INFO]: (The LWJGL binding of OpenAL.  For more information, see http://www.lwjgl.org)
[12:41:45] [Thread-7/INFO]: OpenAL initialized.
[12:41:45] [Sound Library Loader/INFO]: Sound engine started
[12:41:47] [Client thread/INFO]: Created: 512x512 textures-atlas
[12:41:48] [Client thread/INFO]: Reloading ResourceManager: Default, FMLFileResourcePack:Forge Mod Loader, FMLFileResourcePack:Minecraft Forge, FMLFileResourcePack:Definitely Not Vanilla Minecraft
[12:41:48] [Client thread/INFO]: SoundSystem shutting down...
[12:41:48] [Client thread/WARN]: Author: Paul Lamb, www.paulscode.com
[12:41:48] [Sound Library Loader/INFO]: Starting up SoundSystem...
[12:41:48] [Thread-9/INFO]: Initializing LWJGL OpenAL
[12:41:48] [Thread-9/INFO]: (The LWJGL binding of OpenAL.  For more information, see http://www.lwjgl.org)
[12:41:48] [Thread-9/INFO]: OpenAL initialized.
[12:41:48] [Sound Library Loader/INFO]: Sound engine started
[12:41:49] [Client thread/INFO]: Created: 512x512 textures-atlas
[12:41:52] [Server thread/INFO]: Starting integrated minecraft server version 1.8
[12:41:52] [Server thread/INFO]: Generating keypair
[12:41:52] [Server thread/INFO]: Preparing start region for level 0
[12:41:53] [Server thread/INFO]: Changing view distance to 12, from 10
[12:41:53] [Server thread/INFO]: Player187[local:E:32b0a637] logged in with entity id 111 at (837.8331617217596, 7.0, -430.7069353184979)
[12:41:53] [Server thread/INFO]: Player187 joined the game
[12:42:20] [Server thread/INFO]: Player187 has just earned the achievement [Taking Inventory]
[12:42:20] [Client thread/INFO]: [CHAT] Player187 has just earned the achievement [Taking Inventory]
[12:42:21] [Client thread/INFO]: Stopping!
[12:42:21] [Client thread/INFO]: SoundSystem shutting down...
[12:42:21] [Server thread/INFO]: Stopping server
[12:42:21] [Server thread/INFO]: Saving players
[12:42:21] [Server thread/INFO]: Saving worlds
[12:42:21] [Server thread/INFO]: Saving chunks for level 'First Test'/Overworld
[12:42:21] [Server thread/INFO]: Saving chunks for level 'First Test'/Nether
[12:42:21] [Server thread/INFO]: Saving chunks for level 'First Test'/The End
[12:42:21] [Client thread/WARN]: Author: Paul Lamb, www.paulscode.com
